<?xml version="1.0" encoding="UTF-8"?>
<!-- Generated by org.testng.reporters.JUnitReportReporter -->
<testsuite hostname="DESKTOP-7C4J88S" failures="0" tests="1" name="com.TestClassPackage.Sample1_Test" time="0.016" errors="0" timestamp="2024-11-25T10:30:54 IST" skipped="0">
  <testcase classname="com.TestClassPackage.Sample1_Test" name="school1" time="0.016"/>
</testsuite> <!-- com.TestClassPackage.Sample1_Test -->
