<?xml version="1.0" encoding="UTF-8"?>
<!-- Generated by org.testng.reporters.JUnitReportReporter -->
<testsuite hostname="DESKTOP-7C4J88S" failures="0" tests="3" name="com.TestClassPackage.Sample1" time="0.078" errors="0" timestamp="2024-05-26T12:39:52 IST" skipped="0">
  <testcase classname="com.TestClassPackage.Sample1" name="school3" time="0.010"/>
  <testcase classname="com.TestClassPackage.Sample1" name="school1" time="0.027"/>
  <testcase classname="com.TestClassPackage.Sample1" name="school2" time="0.041"/>
</testsuite> <!-- com.TestClassPackage.Sample1 -->
