<?xml version="1.0" encoding="UTF-8"?>
<!-- Generated by org.testng.reporters.JUnitReportReporter -->
<testsuite hostname="DESKTOP-7C4J88S" failures="0" tests="1" name="com.TestClassPackage.DisableNotification_For_EdgeDriver" time="18.877" errors="0" timestamp="2024-05-27T09:33:53 IST" skipped="0">
  <testcase classname="com.TestClassPackage.DisableNotification_For_EdgeDriver" name="disableNotification_For_ChromeDriver" time="18.877"/>
</testsuite> <!-- com.TestClassPackage.DisableNotification_For_EdgeDriver -->
