<?xml version="1.0" encoding="UTF-8"?>
<!-- Generated by org.testng.reporters.JUnitReportReporter -->
<testsuite hostname="DESKTOP-7C4J88S" failures="0" tests="1" name="com.TestClassPackage.DisableNotification_For_ChromeDriver_Test" time="16.370" errors="0" timestamp="2024-11-26T11:13:39 IST" skipped="0">
  <testcase classname="com.TestClassPackage.DisableNotification_For_ChromeDriver_Test" name="disableNotification_For_ChromeDriver" time="16.370"/>
</testsuite> <!-- com.TestClassPackage.DisableNotification_For_ChromeDriver_Test -->
