<?xml version="1.0" encoding="UTF-8"?>
<!-- Generated by org.testng.reporters.JUnitReportReporter -->
<testsuite hostname="DESKTOP-7C4J88S" failures="0" tests="1" name="com.TestClassPackage.PrintTheHelloKeyword_Test" time="0.003" errors="0" timestamp="2024-11-26T11:13:39 IST" skipped="0">
  <testcase classname="com.TestClassPackage.PrintTheHelloKeyword_Test" name="printHelloKeyword" time="0.003"/>
</testsuite> <!-- com.TestClassPackage.PrintTheHelloKeyword_Test -->
