<?xml version="1.0" encoding="UTF-8"?>
<!-- Generated by org.testng.reporters.JUnitReportReporter -->
<testsuite hostname="DESKTOP-7C4J88S" failures="0" tests="1" name="com.TestClassPackage.DisableNotification_For_FirefoxDriver" time="190.541" errors="0" timestamp="2024-08-05T11:57:55 IST" skipped="0">
  <testcase classname="com.TestClassPackage.DisableNotification_For_FirefoxDriver" name="disableNotification_For_FirefoxDriver" time="190.541"/>
</testsuite> <!-- com.TestClassPackage.DisableNotification_For_FirefoxDriver -->
